<?xml version="1.0" encoding="UTF-8"?>
<!-- Generated by org.testng.reporters.JUnitReportReporter -->
<testsuite hostname="Sathvik-0312" failures="0" tests="1" name="DAY6_18_03.HRMlogin_new" time="14.770" errors="0" timestamp="2025-03-18T11:08:31 IST" skipped="0">
  <testcase classname="DAY6_18_03.HRMlogin_new" name="VerifyLogin" time="14.770"/>
</testsuite> <!-- DAY6_18_03.HRMlogin_new -->
