<?xml version="1.0" encoding="UTF-8"?>
<!-- Generated by org.testng.reporters.JUnitReportReporter -->
<testsuite hostname="Sathvik-0312" failures="0" tests="1" name="DAY5_17_03.actions_1_amazonwishlist" time="0.206" errors="0" timestamp="2025-03-17T09:59:40 IST" skipped="0">
  <testcase classname="DAY5_17_03.actions_1_amazonwishlist" name="VerifyWishList" time="0.206"/>
</testsuite> <!-- DAY5_17_03.actions_1_amazonwishlist -->
