<?xml version="1.0" encoding="UTF-8"?>
<!-- Generated by org.testng.reporters.JUnitReportReporter -->
<testsuite hostname="Sathvik-0312" failures="0" tests="1" name="Day4.AmazonWindowHandle" time="25.268" errors="0" timestamp="2025-03-13T12:40:15 IST" skipped="0">
  <testcase classname="Day4.AmazonWindowHandle" name="VerifyFrame" time="25.268"/>
</testsuite> <!-- Day4.AmazonWindowHandle -->
