<?xml version="1.0" encoding="UTF-8"?>
<!-- Generated by org.testng.reporters.JUnitReportReporter -->
<testsuite hostname="Sathvik-0312" failures="0" tests="1" name="Day4.synchandle" time="9.545" errors="0" timestamp="2025-03-13T12:25:09 IST" skipped="0">
  <testcase classname="Day4.synchandle" name="VerifyFrame" time="9.545"/>
</testsuite> <!-- Day4.synchandle -->
