<?xml version="1.0" encoding="UTF-8"?>
<!-- Generated by org.testng.reporters.JUnitReportReporter -->
<testsuite hostname="Sathvik-0312" failures="0" tests="2" name="DAY6_18_03.Test_Annotations" time="0.015" errors="0" timestamp="2025-03-18T11:54:30 IST" skipped="0">
  <testcase classname="DAY6_18_03.Test_Annotations" name="login" time="0.011"/>
  <testcase classname="DAY6_18_03.Test_Annotations" name="logout" time="0.004"/>
</testsuite> <!-- DAY6_18_03.Test_Annotations -->
