<?xml version="1.0" encoding="UTF-8"?>
<!-- Generated by org.testng.reporters.JUnitReportReporter -->
<testsuite hostname="Sathvik-0312" failures="0" tests="1" name="DAY5_17_03.Actions_practise" time="13.671" errors="0" timestamp="2025-03-18T08:12:48 IST" skipped="0">
  <testcase classname="DAY5_17_03.Actions_practise" name="verifyFrameElement" time="13.671"/>
</testsuite> <!-- DAY5_17_03.Actions_practise -->
