<?xml version="1.0" encoding="UTF-8"?>
<!-- Generated by org.testng.reporters.JUnitReportReporter -->
<testsuite hostname="Sathvik-0312" failures="0" tests="1" name="DAY6_18_03.Amazon_seemore_prac" time="25.913" errors="0" timestamp="2025-03-18T09:56:38 IST" skipped="0">
  <testcase classname="DAY6_18_03.Amazon_seemore_prac" name="verify" time="25.913"/>
</testsuite> <!-- DAY6_18_03.Amazon_seemore_prac -->
