<?xml version="1.0" encoding="UTF-8"?>
<!-- Generated by org.testng.reporters.JUnitReportReporter -->
<testsuite hostname="Sathvik-0312" failures="0" tests="1" name="DAY5_17_03.ActionClass_2_Amazon" time="1.992" errors="0" timestamp="2025-03-17T10:28:56 IST" skipped="0">
  <testcase classname="DAY5_17_03.ActionClass_2_Amazon" name="verifyFrameElement" time="1.992"/>
</testsuite> <!-- DAY5_17_03.ActionClass_2_Amazon -->
