<?xml version="1.0" encoding="UTF-8"?>
<!-- Generated by org.testng.reporters.JUnitReportReporter -->
<testsuite hostname="Sathvik-0312" failures="0" tests="1" name="exercise1.VIT_PARKING_TEST" time="58.374" errors="0" timestamp="2025-03-12T10:06:43 IST" skipped="0">
  <testcase classname="exercise1.VIT_PARKING_TEST" name="VerifyLogin" time="58.374"/>
</testsuite> <!-- exercise1.VIT_PARKING_TEST -->
