<?xml version="1.0" encoding="UTF-8"?>
<!-- Generated by org.testng.reporters.JUnitReportReporter -->
<testsuite hostname="Sathvik-0312" failures="0" tests="1" name="Day4.HandlingAlerts" time="12.377" errors="0" timestamp="2025-03-13T10:14:53 IST" skipped="0">
  <testcase classname="Day4.HandlingAlerts" name="VerifyPromptAlert" time="12.377"/>
</testsuite> <!-- Day4.HandlingAlerts -->
