<?xml version="1.0" encoding="UTF-8"?>
<!-- Generated by org.testng.reporters.JUnitReportReporter -->
<testsuite hostname="Sathvik-0312" failures="0" tests="1" name="exercise1.VIT_PARKING_TEST2" time="45.593" errors="0" timestamp="2025-03-12T12:07:48 IST" skipped="0">
  <testcase classname="exercise1.VIT_PARKING_TEST2" name="VerifyLogin" time="45.593"/>
</testsuite> <!-- exercise1.VIT_PARKING_TEST2 -->
