<?xml version="1.0" encoding="UTF-8"?>
<!-- Generated by org.testng.reporters.JUnitReportReporter -->
<testsuite hostname="Sathvik-0312" failures="0" tests="5" name="DAY6_18_03.Test_dependsOn" time="0.016" errors="0" timestamp="2025-03-18T11:53:58 IST" skipped="0">
  <testcase classname="DAY6_18_03.Test_dependsOn" name="login" time="0.007"/>
  <testcase classname="DAY6_18_03.Test_dependsOn" name="updateOrder" time="0.002"/>
  <testcase classname="DAY6_18_03.Test_dependsOn" name="addItems" time="0.001"/>
  <testcase classname="DAY6_18_03.Test_dependsOn" name="payment" time="0.004"/>
  <testcase classname="DAY6_18_03.Test_dependsOn" name="logout" time="0.002"/>
</testsuite> <!-- DAY6_18_03.Test_dependsOn -->
