<?xml version="1.0" encoding="UTF-8"?>
<!-- Generated by org.testng.reporters.JUnitReportReporter -->
<testsuite hostname="Sathvik-0312" failures="0" tests="1" name="Day4.HamdlingFrames" time="0.091" errors="0" timestamp="2025-03-13T10:51:07 IST" skipped="0">
  <testcase classname="Day4.HamdlingFrames" name="VerifyFrame" time="0.091"/>
</testsuite> <!-- Day4.HamdlingFrames -->
