<?xml version="1.0" encoding="UTF-8"?>
<!-- Generated by org.testng.reporters.JUnitReportReporter -->
<testsuite hostname="Sathvik-0312" failures="0" tests="1" name="DAY6_18_03.parent_child" time="6.538" errors="0" timestamp="2025-03-18T10:28:23 IST" skipped="0">
  <testcase classname="DAY6_18_03.parent_child" name="verify" time="6.538"/>
</testsuite> <!-- DAY6_18_03.parent_child -->
